<?xml version="1.0" encoding="UTF-8"?>
<testsuite name="problem1.ListingTest" tests="5" skipped="0" failures="0" errors="0" timestamp="2023-04-14T04:28:02" hostname="karenas-mbp.lan" time="0.003">
  <properties/>
  <testcase name="testToString()" classname="problem1.ListingTest" time="0.001"/>
  <testcase name="testHashCode()" classname="problem1.ListingTest" time="0.0"/>
  <testcase name="getProperty()" classname="problem1.ListingTest" time="0.0"/>
  <testcase name="testEquals()" classname="problem1.ListingTest" time="0.0"/>
  <testcase name="getContract()" classname="problem1.ListingTest" time="0.0"/>
  <system-out><![CDATA[]]></system-out>
  <system-err><![CDATA[]]></system-err>
</testsuite>
